2009-03-11 17:58:46
test

2009-03-11 18:00:05
1

2009-03-11 18:04:59
2

2009-03-11 18:05:06
3

2009-03-11 18:05:07
4

2009-03-11 18:05:16
5

2009-03-11 18:05:23
5

2009-03-11 18:05:37
66

2009-03-11 18:05:53
B

2009-03-11 18:09:46
B

2009-03-11 18:10:07
1

2009-03-11 18:14:36
2

2009-03-11 18:14:56
3

2009-03-11 18:15:01
4

2009-03-11 18:15:02
55

2009-03-11 18:15:18
6

2009-03-11 18:15:20
C

2009-03-11 18:17:57
1

2009-03-11 18:21:59
2

2009-03-11 18:22:01
3

2009-03-11 18:22:06
4

2009-03-11 18:22:20
5

2009-03-11 18:22:57
7

2009-03-11 18:22:58
D

2009-03-11 18:25:50
D3

2009-03-11 18:27:12
1

2009-03-11 18:29:48
2

2009-03-11 18:29:56
3

2009-03-11 18:30:00
4

2009-03-11 18:30:02
5

2009-03-11 18:30:15
6

2009-03-11 18:30:16
X1

2009-03-11 18:45:59
?

2009-03-11 18:48:18
1min?

2009-03-11 18:48:30
1

2009-03-11 18:51:37
2

2009-03-11 18:52:11
33
