2008-05-12 19:28:52
lap=lapiota development

2008-05-12 19:29:17
lap

2008-05-12 19:32:14
timestamp machine

2008-05-13 18:11:52
ns2

2008-05-13 18:14:57
b

2008-05-13 18:15:05
c

2008-05-13 22:45:05
b

2008-05-14  6:57:03
fr

2008-05-14  6:57:09
yy

2008-05-14 12:09:06
install xp

2008-05-14 13:20:00
b

2008-05-14 18:00:00
c

2008-05-14 19:59:05
b

2008-05-14 19:59:08
qlog

2008-05-14 20:50:31
create xp image

2008-05-16  6:42:41
ns2

2008-05-17  9:17:10
6

2008-05-17  9:17:12
b

2008-05-12 19:28:52
lap=lapiota development

2008-05-12 19:29:17
lap

2008-05-12 19:32:14
timestamp machine

2008-05-13 18:11:52
ns2

2008-05-13 18:14:57
b

2008-05-13 18:15:05
c

2008-05-13 22:45:05
b

2008-05-14  6:57:03
fr

2008-05-14  6:57:09
yy

2008-05-14 12:09:06
install xp

2008-05-14 13:20:00
b

2008-05-14 18:00:00
c

2008-05-14 19:59:05
b

2008-05-14 19:59:08
qlog

2008-05-14 20:50:31
create xp image

2008-05-16  6:42:41
ns2

2008-05-17  9:17:10
6

2008-05-17  9:17:12
b
