! prefix=w/

alias.bat
amaze.bat
asknet.bat
c-text.bat
catvia.bat
ccat.bat
chmac.bat
cleanhtml.bat
clip.bat
close.bat
copyfix.bat
csv2xml.bat
cuelist.bat
cvsapp.bat
cvsco.bat
dirdiff.bat
dirs.bat
discuz.bat
dnac.bat
dnad.bat
domp.bat
doweb.bat
dsd.bat
elaps.bat
execgui.bat
fddump.bat
findjsp.bat
foreach.bat
forx.bat
fs2xml.bat
ftpsend.bat
fun.bat
getmed.bat
gresp.bat
hackdict.bat
hex.bat
hexdump.bat
in.bat
jarwrap.bat
labat.bat
lines.bat
loop2.bat
lstconv.bat
mkchm.bat
monitor.bat
mp3ltrim.bat
names.bat
newline.bat
nfs.bat
ntspi.bat
nu.bat
odx.bat
parse-ulog.bat
patchs.bat
pc.bat
pcs.bat
pct.bat
php5to4.bat
plbat.bat
plargs.bat
psh.bat
readcode.bat
readkey.bat
redperl.bat
relay.bat
repl.bat
resolv.bat
rpath.bat
rundelay.bat
runx.bat
scx.bat
served.bat
sev.bat
sim.bat
simxml.bat
so.bat
srt-delay.bat
strwrap.bat
stx2xml.bat
tabsize.bat
titleize.bat
trim.bat
tryallcs.bat
trycp.bat
u.bat:usecode.pl
unchm.bat
unindent.bat
urlconv.bat
walk.bat
wcc.bat
whoare.bat
winvod.bat
wm.bat
xget.bat
ydump.bat
