This is pdfTeXk, Version 3.141592-1.40.3 (Web2C 7.5.6) (format=latex 2009.12.2)  2 DEC 2009 15:57
entering extended mode
 %&-line parsing enabled.
**hello.tex
(./hello.tex
LaTeX2e <2005/12/01>
Babel <v3.8h> and hyphenation patterns for english, usenglishmax, dumylang, noh
yphenation, pinyin, loaded.
(/usr/share/texmf-texlive/tex/latex/base/article.cls
Document Class: article 2005/09/16 v1.4f Standard LaTeX document class
(/usr/share/texmf-texlive/tex/latex/base/size10.clo
File: size10.clo 2005/09/16 v1.4f Standard LaTeX file (size option)
)
\c@part=\count79
\c@section=\count80
\c@subsection=\count81
\c@subsubsection=\count82
\c@paragraph=\count83
\c@subparagraph=\count84
\c@figure=\count85
\c@table=\count86
\abovecaptionskip=\skip41
\belowcaptionskip=\skip42
\bibindent=\dimen102
)
(/usr/share/texmf/tex/latex/CJK/pinyin.sty
Package: pinyin 2008/05/22 4.8.0
) (./hello.aux)
\openout1 = `hello.aux'.

LaTeX Font Info:    Checking defaults for OML/cmm/m/it on input line 3.
LaTeX Font Info:    ... okay on input line 3.
LaTeX Font Info:    Checking defaults for T1/cmr/m/n on input line 3.
LaTeX Font Info:    ... okay on input line 3.
LaTeX Font Info:    Checking defaults for OT1/cmr/m/n on input line 3.
LaTeX Font Info:    ... okay on input line 3.
LaTeX Font Info:    Checking defaults for OMS/cmsy/m/n on input line 3.
LaTeX Font Info:    ... okay on input line 3.
LaTeX Font Info:    Checking defaults for OMX/cmex/m/n on input line 3.
LaTeX Font Info:    ... okay on input line 3.
LaTeX Font Info:    Checking defaults for U/cmr/m/n on input line 3.
LaTeX Font Info:    ... okay on input line 3.

! Misplaced \crcr.
\endtabular ->\crcr
                    \egroup \egroup $\egroup
l.11     Float \and
                    body texts...
?
! Too many }'s.
\endtabular ->\crcr \egroup
                            \egroup $\egroup
l.11     Float \and
                    body texts...
?
! Too many }'s.
\endtabular ->\crcr \egroup \egroup
                                    $\egroup
l.11     Float \and
                    body texts...
?
LaTeX Font Info:    External font `cmex10' loaded for size
(Font)              <7> on input line 11.
LaTeX Font Info:    External font `cmex10' loaded for size
(Font)              <5> on input line 11.
! Extra }, or forgotten $.
<recently read> \egroup

l.11     Float \and
                    body texts...
?
! Emergency stop.
<recently read> \egroup

l.11     Float \and
                    body texts...
End of file on the terminal!


Here is how much of TeX's memory you used:
 1907 strings out of 95081
 8989 string characters out of 1183120
 61716 words of memory out of 1500000
 5164 multiletter control sequences out of 10000+50000
 4247 words of font info for 16 fonts, out of 1200000 for 2000
 28 hyphenation exceptions out of 8191
 23i,1n,17p,140b,135s stack positions out of 5000i,500n,6000p,200000b,5000s
No pages of output.
